Arguments: 
  /home/effrenus/.nvm/versions/node/v10.15.1/bin/node /home/effrenus/.nvm/versions/node/v10.15.1/bin/yarn add bs-node

PATH: 
  /home/effrenus/.nvm/versions/node/v10.15.1/bin:/home/effrenus/.opam/system/bin:/home/effrenus/bin:/home/effrenus/.local/bin:/usr/local/sbin:/usr/local/bin:/usr/sbin:/usr/bin:/sbin:/bin:/usr/games:/usr/local/games:/snap/bin

Yarn version: 
  1.13.0

Node version: 
  10.15.1

Platform: 
  linux x64

Trace: 
  Error: https://registry.yarnpkg.com/bs-node: Not found
      at Request.params.callback [as _callback] (/home/effrenus/.nvm/versions/node/v10.15.1/lib/node_modules/yarn/lib/cli.js:66255:18)
      at Request.self.callback (/home/effrenus/.nvm/versions/node/v10.15.1/lib/node_modules/yarn/lib/cli.js:129397:22)
      at Request.emit (events.js:189:13)
      at Request.<anonymous> (/home/effrenus/.nvm/versions/node/v10.15.1/lib/node_modules/yarn/lib/cli.js:130369:10)
      at Request.emit (events.js:189:13)
      at IncomingMessage.<anonymous> (/home/effrenus/.nvm/versions/node/v10.15.1/lib/node_modules/yarn/lib/cli.js:130291:12)
      at Object.onceWrapper (events.js:277:13)
      at IncomingMessage.emit (events.js:194:15)
      at endReadableNT (_stream_readable.js:1103:12)
      at process._tickCallback (internal/process/next_tick.js:63:19)

npm manifest: 
  {
    "name": "renderer-service",
    "version": "1.0.0",
    "description": "",
    "main": "index.js",
    "directories": {
      "lib": "lib"
    },
    "scripts": {
      "test": "echo \"Error: no test specified\" && exit 1"
    },
    "author": "Alexey Sazonov",
    "license": "ISC",
    "dependencies": {}
  }

yarn manifest: 
  No manifest

Lockfile: 
  # THIS IS AN AUTOGENERATED FILE. DO NOT EDIT THIS FILE DIRECTLY.
  # yarn lockfile v1
